Build started 25/04/2013 01:22:43.
     1>Project "F:\University\Year 3\Year 3 Project\3rd Year Project\Bellum - Console App\Bellum\Bellum\Bellum.vcxproj" on node 2 (build target(s)).
     1>InitializeBuildStatus:
         Creating "Debug\Bellum.unsuccessfulbuild" because "AlwaysCreate" was specified.
       ClCompile:
         C:\Program Files (x86)\Microsoft Visual Studio 10.0\VC\bin\CL.exe /c /ZI /nologo /W3 /WX- /Od /Oy- /D WIN32 /D _DEBUG /D _CONSOLE /D _UNICODE /D UNICODE /Gm /EHsc /RTC1 /MDd /GS /fp:precise /Zc:wchar_t /Zc:forScope /Fo"Debug\\" /Fd"Debug\vc100.pdb" /Gd /TP /analyze- /errorReport:prompt BBishop.cpp BBoard.cpp BChess.cpp BGuard.cpp BKing.cpp BKnight.cpp BPawn.cpp BPiece.cpp BQueen.cpp BRook.cpp BSuperPawn.cpp main.cpp
         main.cpp
         BSuperPawn.cpp
         BRook.cpp
         BQueen.cpp
         BPiece.cpp
         BPawn.cpp
         BKnight.cpp
         BKing.cpp
         BGuard.cpp
         BChess.cpp
         BBoard.cpp
         BBishop.cpp
         Generating Code...
       ManifestResourceCompile:
         C:\Program Files (x86)\Microsoft SDKs\Windows\v7.0A\bin\rc.exe /nologo /fo"Debug\Bellum.exe.embed.manifest.res" Debug\Bellum_manifest.rc 
       Link:
         C:\Program Files (x86)\Microsoft Visual Studio 10.0\VC\bin\link.exe /ERRORREPORT:PROMPT /OUT:"F:\University\Year 3\Year 3 Project\3rd Year Project\Bellum - Console App\Bellum\Debug\Bellum.exe" /INCREMENTAL /NOLOGO kernel32.lib user32.lib gdi32.lib winspool.lib comdlg32.lib advapi32.lib shell32.lib ole32.lib oleaut32.lib uuid.lib odbc32.lib odbccp32.lib /MANIFEST /ManifestFile:"Debug\Bellum.exe.intermediate.manifest" /MANIFESTUAC:"level='asInvoker' uiAccess='false'" /DEBUG /PDB:"F:\University\Year 3\Year 3 Project\3rd Year Project\Bellum - Console App\Bellum\Debug\Bellum.pdb" /SUBSYSTEM:CONSOLE /TLBID:1 /DYNAMICBASE /NXCOMPAT /IMPLIB:"F:\University\Year 3\Year 3 Project\3rd Year Project\Bellum - Console App\Bellum\Debug\Bellum.lib" /MACHINE:X86 Debug\Bellum.exe.embed.manifest.res
         Debug\BBishop.obj
         Debug\BBoard.obj
         Debug\BChess.obj
         Debug\BGuard.obj
         Debug\BKing.obj
         Debug\BKnight.obj
         Debug\BPawn.obj
         Debug\BPiece.obj
         Debug\BQueen.obj
         Debug\BRook.obj
         Debug\BSuperPawn.obj
         Debug\main.obj
         LINK : F:\University\Year 3\Year 3 Project\3rd Year Project\Bellum - Console App\Bellum\Debug\Bellum.exe not found or not built by the last incremental link; performing full link
       Manifest:
         C:\Program Files (x86)\Microsoft SDKs\Windows\v7.0A\bin\mt.exe /nologo /verbose /out:"Debug\Bellum.exe.embed.manifest" /manifest Debug\Bellum.exe.intermediate.manifest
         All outputs are up-to-date.
       LinkEmbedManifest:
         All outputs are up-to-date.
         Bellum.vcxproj -> F:\University\Year 3\Year 3 Project\3rd Year Project\Bellum - Console App\Bellum\Debug\Bellum.exe
       FinalizeBuildStatus:
         Deleting file "Debug\Bellum.unsuccessfulbuild".
         Touching "Debug\Bellum.lastbuildstate".
     1>Done Building Project "F:\University\Year 3\Year 3 Project\3rd Year Project\Bellum - Console App\Bellum\Bellum\Bellum.vcxproj" (build target(s)).

Build succeeded.

Time Elapsed 00:00:29.95
